[FILELIST]
<SRCDIR>..\x64\elch64\lELCH64v.inf#%16427%\LogiShrd\QCDRV\x64\elch64$38851
<SRCDIR>..\x64\elch64\lELCH64v.cat#%16427%\LogiShrd\QCDRV\x64\elch64$12657
<SRCDIR>..\x64\elch64\LVUI2.dll#%16427%\LogiShrd\QCDRV\x64\elch64$490008
<SRCDIR>..\x64\elch64\LVUI2RC.dll#%16427%\LogiShrd\QCDRV\x64\elch64$465432
<SRCDIR>..\x64\elch64\lvcodec2.dll#%16427%\LogiShrd\QCDRV\x64\elch64$416280
<SRCDIR>..\x64\elch64\lvcod64.dll#%16427%\LogiShrd\QCDRV\x64\elch64$475672
<SRCDIR>..\x64\elch64\lvcoinst.dll#%16427%\LogiShrd\QCDRV\x64\elch64$195096
<SRCDIR>..\x64\elch64\lvcoinst.ini#%16427%\LogiShrd\QCDRV\x64\elch64$58385
<SRCDIR>..\x64\elch64\LVUSBSta.sys#%16427%\LogiShrd\QCDRV\x64\elch64$41752
<SRCDIR>..\x64\elch64\lvWIAext.dll#%16427%\LogiShrd\QCDRV\x64\elch64$355352
<SRCDIR>..\x64\elch64\LV561AV.sys#%16427%\LogiShrd\QCDRV\x64\elch64$490776
<SRCDIR>..\x64\elch64\LV561V64.sys#%16427%\LogiShrd\QCDRV\x64\elch64$582680
<SRCDIR>..\x64\elch64\LVCoin64.dll#%16427%\LogiShrd\QCDRV\x64\elch64$257560
<SRCDIR>..\x64\elch64\LVCoin64.INI#%16427%\LogiShrd\QCDRV\x64\elch64$58385
<SRCDIR>..\x64\elch64\LVUSBS64.SYS#%16427%\LogiShrd\QCDRV\x64\elch64$50072
<SRCDIR>..\x64\elch64\LVUI64.dll#%16427%\LogiShrd\QCDRV\x64\elch64$685080
<SRCDIR>..\x64\elch64\LVUIRC64.dll#%16427%\LogiShrd\QCDRV\x64\elch64$486936
<SRCDIR>..\x64\elch64\Repository.reg#%16427%\LogiShrd\QCDRV\x64\elch64$19344
<SRCDIR>..\x64\elch64\WUApp32.exe#%16427%\LogiShrd\QCDRV\x64\elch64$439568
<SRCDIR>..\x64\elch64\WUApp64.exe#%16427%\LogiShrd\QCDRV\x64\elch64$662800
<SRCDIR>..\x64\im64\lPEPI64c.inf#%16427%\LogiShrd\QCDRV\x64\im64$6970
<SRCDIR>..\x64\im64\lPEPI64c.cat#%16427%\LogiShrd\QCDRV\x64\im64$6673
<SRCDIR>..\x64\im64\lPEPI64s.inf#%16427%\LogiShrd\QCDRV\x64\im64$40522
<SRCDIR>..\x64\im64\lPEPI64s.cat#%16427%\LogiShrd\QCDRV\x64\im64$11454
<SRCDIR>..\x64\im64\lvcoinst.dll#%16427%\LogiShrd\QCDRV\x64\im64$195096
<SRCDIR>..\x64\im64\lvcoinst.ini#%16427%\LogiShrd\QCDRV\x64\im64$58385
<SRCDIR>..\x64\im64\lvcoin64.dll#%16427%\LogiShrd\QCDRV\x64\im64$257560
<SRCDIR>..\x64\im64\lvcoin64.ini#%16427%\LogiShrd\QCDRV\x64\im64$58385
<SRCDIR>..\x64\im64\LVUSBSta.sys#%16427%\LogiShrd\QCDRV\x64\im64$41752
<SRCDIR>..\x64\im64\lv302af.sys#%16427%\LogiShrd\QCDRV\x64\im64$13848
<SRCDIR>..\x64\im64\lv302a64.sys#%16427%\LogiShrd\QCDRV\x64\im64$15768
<SRCDIR>..\x64\im64\LVUSBS64.sys#%16427%\LogiShrd\QCDRV\x64\im64$50072
<SRCDIR>..\x64\im64\Repository.reg#%16427%\LogiShrd\QCDRV\x64\im64$19344
<SRCDIR>..\x64\im64\WUApp32.exe#%16427%\LogiShrd\QCDRV\x64\im64$439568
<SRCDIR>..\x64\im64\WUApp64.exe#%16427%\LogiShrd\QCDRV\x64\im64$662800
<SRCDIR>..\x64\im64\lPEPI64v.inf#%16427%\LogiShrd\QCDRV\x64\im64$102580
<SRCDIR>..\x64\im64\lPEPI64v.cat#%16427%\LogiShrd\QCDRV\x64\im64$14501
<SRCDIR>..\x64\im64\LVUI2.dll#%16427%\LogiShrd\QCDRV\x64\im64$490008
<SRCDIR>..\x64\im64\LVUI2RC.dll#%16427%\LogiShrd\QCDRV\x64\im64$465432
<SRCDIR>..\x64\im64\lvcodec2.dll#%16427%\LogiShrd\QCDRV\x64\im64$416280
<SRCDIR>..\x64\im64\lvcod64.dll#%16427%\LogiShrd\QCDRV\x64\im64$475672
<SRCDIR>..\x64\im64\lvWIAext.dll#%16427%\LogiShrd\QCDRV\x64\im64$355352
<SRCDIR>..\x64\im64\LV302V32.SYS#%16427%\LogiShrd\QCDRV\x64\im64$1278104
<SRCDIR>..\x64\im64\LV302V64.SYS#%16427%\LogiShrd\QCDRV\x64\im64$1213592
<SRCDIR>..\x64\im64\LVUI64.dll#%16427%\LogiShrd\QCDRV\x64\im64$685080
<SRCDIR>..\x64\im64\LVUIRC64.dll#%16427%\LogiShrd\QCDRV\x64\im64$486936
<SRCDIR>..\x64\pro464\lPRO464c.inf#%16427%\LogiShrd\QCDRV\x64\pro464$14419
<SRCDIR>..\x64\pro464\lPRO464c.cat#%16427%\LogiShrd\QCDRV\x64\pro464$10804
<SRCDIR>..\x64\pro464\lvuvcflt.sys#%16427%\LogiShrd\QCDRV\x64\pro464$26264
<SRCDIR>..\x64\pro464\lvselsus.sys#%16427%\LogiShrd\QCDRV\x64\pro464$66456
<SRCDIR>..\x64\pro464\lvsels64.sys#%16427%\LogiShrd\QCDRV\x64\pro464$67864
<SRCDIR>..\x64\pro464\lPRO464s.inf#%16427%\LogiShrd\QCDRV\x64\pro464$83110
<SRCDIR>..\x64\pro464\lPRO464s.cat#%16427%\LogiShrd\QCDRV\x64\pro464$16012
<SRCDIR>..\x64\pro464\lvcoinst.dll#%16427%\LogiShrd\QCDRV\x64\pro464$195096
<SRCDIR>..\x64\pro464\lvcoinst.ini#%16427%\LogiShrd\QCDRV\x64\pro464$58385
<SRCDIR>..\x64\pro464\lvcoin64.dll#%16427%\LogiShrd\QCDRV\x64\pro464$257560
<SRCDIR>..\x64\pro464\lvcoin64.ini#%16427%\LogiShrd\QCDRV\x64\pro464$58385
<SRCDIR>..\x64\pro464\LVUSBSta.sys#%16427%\LogiShrd\QCDRV\x64\pro464$41752
<SRCDIR>..\x64\pro464\lvpopflt.sys#%16427%\LogiShrd\QCDRV\x64\pro464$1920920
<SRCDIR>..\x64\pro464\lvpopf64.sys#%16427%\LogiShrd\QCDRV\x64\pro464$1381528
<SRCDIR>..\x64\pro464\LVUSBS64.sys#%16427%\LogiShrd\QCDRV\x64\pro464$50072
<SRCDIR>..\x64\pro464\Repository.reg#%16427%\LogiShrd\QCDRV\x64\pro464$19344
<SRCDIR>..\x64\pro464\lvrs.sys#%16427%\LogiShrd\QCDRV\x64\pro464$2091800
<SRCDIR>..\x64\pro464\lvrs64.sys#%16427%\LogiShrd\QCDRV\x64\pro464$1573656
<SRCDIR>..\x64\pro464\WUApp32.exe#%16427%\LogiShrd\QCDRV\x64\pro464$439568
<SRCDIR>..\x64\pro464\WUApp64.exe#%16427%\LogiShrd\QCDRV\x64\pro464$662800
<SRCDIR>..\x64\pro464\lPRO464v.inf#%16427%\LogiShrd\QCDRV\x64\pro464$149249
<SRCDIR>..\x64\pro464\lPRO464v.cat#%16427%\LogiShrd\QCDRV\x64\pro464$17313
<SRCDIR>..\x64\pro464\LVUI2.dll#%16427%\LogiShrd\QCDRV\x64\pro464$490008
<SRCDIR>..\x64\pro464\LVUI2RC.dll#%16427%\LogiShrd\QCDRV\x64\pro464$465432
<SRCDIR>..\x64\pro464\lvcodec2.dll#%16427%\LogiShrd\QCDRV\x64\pro464$416280
<SRCDIR>..\x64\pro464\lvcod64.dll#%16427%\LogiShrd\QCDRV\x64\pro464$475672
<SRCDIR>..\x64\pro464\lvWIAext.dll#%16427%\LogiShrd\QCDRV\x64\pro464$355352
<SRCDIR>..\x64\pro464\LVUI64.dll#%16427%\LogiShrd\QCDRV\x64\pro464$685080
<SRCDIR>..\x64\pro464\LVUIRC64.dll#%16427%\LogiShrd\QCDRV\x64\pro464$486936
<SRCDIR>..\x64\pro464\lvuvc64.sys#%16427%\LogiShrd\QCDRV\x64\pro464$3826328
<SRCDIR>..\x64\pro464\lvuvc.sys#%16427%\LogiShrd\QCDRV\x64\pro464$3598616

[VID_PIDS]
VID_046D&PID_092D&MI_00
VID_046D&PID_092E&MI_00
VID_046D&PID_092F&MI_00
VID_046D&PID_092D
VID_046D&PID_092E
VID_046D&PID_092F
Vid_046d&Pid_08A9
Vid_046d&Pid_08AD
Vid_046d&Pid_08AE
Vid_046d&Pid_08D7
Vid_046d&Pid_08D8
VID_046D&PID_08D9
VID_046D&PID_08DA
Vid_046D&Pid_08DD
Vid_046D&Pid_08AF
Vid_046d&Pid_08A9&MI_01
Vid_046d&Pid_08AD&MI_01
Vid_046d&Pid_08AE&MI_01
Vid_046d&Pid_08D7&MI_01
Vid_046d&Pid_08D8&MI_01
Vid_046d&Pid_08D9&MI_01
Vid_046d&Pid_08DA&MI_01
Vid_046d&Pid_08DD&MI_01
VID_046D&PID_08A9&MI_00
VID_046D&PID_08AD&MI_00
VID_046D&PID_08AE&MI_00
VID_046D&PID_08AF&MI_00
VID_046D&PID_08D7&MI_00
VID_046D&PID_08D8&MI_00
VID_046D&PID_08D9&MI_00
VID_046D&PID_08DA&MI_00
VID_046D&PID_08DD&MI_00
Vid_046d&Pid_08C2
Vid_046d&Pid_08C3
Vid_046d&Pid_08C5
Vid_046d&Pid_09C0
Vid_046d&Pid_08C9
Vid_046d&Pid_08CA
Vid_046d&Pid_08CB
Vid_046d&Pid_08CC
Vid_046d&Pid_08CE
Vid_046d&Pid_09C1
Vid_046d&Pid_0990
Vid_046d&Pid_0991
Vid_046d&Pid_0992
Vid_046d&Pid_0994
Vid_046d&Pid_08C2&MI_01
Vid_046d&Pid_08C2&MI_02
Vid_046d&Pid_08C3&MI_01
Vid_046d&Pid_08C3&MI_02
Vid_046d&Pid_08C5&MI_01
Vid_046d&Pid_08C5&MI_02
Vid_046d&Pid_09C0&MI_01
Vid_046d&Pid_09C0&MI_02
Vid_046d&Pid_08C9&MI_01
Vid_046d&Pid_08C9&MI_02
Vid_046d&Pid_08CA&MI_01
Vid_046d&Pid_08CA&MI_02
Vid_046d&Pid_08CB&MI_01
Vid_046d&Pid_08CB&MI_02
Vid_046d&Pid_08CC&MI_01
Vid_046d&Pid_08CC&MI_02
Vid_046d&Pid_08CE&MI_01
Vid_046d&Pid_08CE&MI_02
Vid_046d&Pid_09C1&MI_01
Vid_046d&Pid_09C1&MI_02
Vid_046d&Pid_0990&MI_01
Vid_046d&Pid_0990&MI_02
Vid_046d&Pid_0991&MI_01
Vid_046d&Pid_0991&MI_02
Vid_046d&Pid_0992&MI_01
Vid_046d&Pid_0992&MI_02
Vid_046d&Pid_0994&MI_01
Vid_046d&Pid_0994&MI_02
VID_046D&PID_08C2&Mi_00
VID_046D&PID_08C3&Mi_00
VID_046D&PID_08C5&Mi_00
VID_046D&PID_09C0&Mi_00
VID_046D&PID_08C9&Mi_00
VID_046D&PID_08CA&Mi_00
VID_046D&PID_08CB&Mi_00
VID_046D&PID_08CC&Mi_00
VID_046D&PID_08CE&Mi_00
VID_046D&PID_0990&Mi_00
VID_046D&PID_0991&Mi_00
VID_046D&PID_0992&Mi_00
VID_046D&PID_0994&Mi_00
VID_046D&PID_09C1&Mi_00

[INFS]
%16427%\LogiShrd\QCDRV\x64\elch64\lELCH64v.inf
%16427%\LogiShrd\QCDRV\x64\im64\lPEPI64c.inf
%16427%\LogiShrd\QCDRV\x64\im64\lPEPI64s.inf
%16427%\LogiShrd\QCDRV\x64\im64\lPEPI64v.inf
%16427%\LogiShrd\QCDRV\x64\pro464\lPRO464c.inf
%16427%\LogiShrd\QCDRV\x64\pro464\lPRO464s.inf
%16427%\LogiShrd\QCDRV\x64\pro464\lPRO464v.inf

[STATS]
SIZE=29831
FILES=77
VIDPIDS=88
INF=7
